<?xml version="1.0" encoding="UTF-8"?>
<testng-results ignored="0" total="1" passed="1" failed="0" skipped="0">
  <reporter-output>
  </reporter-output>
  <suite started-at="2022-10-12T23:07:51 IST" name="All Test Suite" finished-at="2022-10-12T23:07:58 IST" duration-ms="7403">
    <groups>
    </groups>
    <test started-at="2022-10-12T23:07:51 IST" name="D:/chrome downloads/selenium_career_pro/src/test" finished-at="2022-10-12T23:07:58 IST" duration-ms="7403">
      <class name="com.framework1.Test1">
        <test-method is-config="true" signature="Intializedriver()[pri:0, instance:com.framework1.Test1@13b13b5d]" started-at="2022-10-12T23:07:45 IST" name="Intializedriver" finished-at="2022-10-12T23:07:51 IST" duration-ms="6189" status="PASS">
          <reporter-output>
          </reporter-output>
        </test-method> <!-- Intializedriver -->
        <test-method is-config="true" signature="Landingpg()[pri:0, instance:com.framework1.Test1@13b13b5d]" started-at="2022-10-12T23:07:51 IST" name="Landingpg" finished-at="2022-10-12T23:07:53 IST" duration-ms="1828" status="PASS">
          <reporter-output>
          </reporter-output>
        </test-method> <!-- Landingpg -->
        <test-method signature="SubmitOrder(java.util.HashMap)[pri:0, instance:com.framework1.Test1@13b13b5d]" started-at="2022-10-12T23:07:53 IST" name="SubmitOrder" data-provider="streamData" finished-at="2022-10-12T23:07:58 IST" duration-ms="4545" status="PASS">
          <params>
            <param index="0">
              <value>
                <![CDATA[{productname=Zara coat 3, password=D@raj3176, Contry=india, email=drajvsmsc@gmail.com}]]>
              </value>
            </param>
          </params>
          <reporter-output>
          </reporter-output>
        </test-method> <!-- SubmitOrder -->
        <test-method is-config="true" signature="Teardown()[pri:0, instance:com.framework1.Test1@13b13b5d]" started-at="2022-10-12T23:07:58 IST" name="Teardown" finished-at="2022-10-12T23:07:58 IST" duration-ms="740" status="PASS">
          <reporter-output>
          </reporter-output>
        </test-method> <!-- Teardown -->
      </class> <!-- com.framework1.Test1 -->
    </test> <!-- D:/chrome downloads/selenium_career_pro/src/test -->
  </suite> <!-- All Test Suite -->
</testng-results>
